<?xml version="1.0" encoding="UTF-8"?>
<testsuite xmlns:xsi="http://www.w3.org/2001/XMLSchema-instance" xsi:noNamespaceSchemaLocation="https://maven.apache.org/surefire/maven-failsafe-plugin/xsd/failsafe-test-report-3.0.xsd" version="3.0" name="starter.CucumberTestSuite" time="16.849" tests="6" errors="0" skipped="0" failures="0">
  <properties>
[...]
</properties>
  <testcase name="user on home page" classname="As a user i can login" time="8.577">
    <system-out><![CDATA[01:14:42.943 [main] DEBUG net.thucydides.core.guice.Injectors - Created injector for module net.thucydides.core.guice.ThucydidesModule
01:14:43.123 [main] DEBUG io.cucumber.core.plugin.SerenityReporter - Running feature from file:///D:/%5BKM%5D%20Quality%20Assurance%20-%20Alttera%20Academy/Git%20Derry/QE_AlberDerry/Mini%20Project/test-automation-mobile/src/test/resources/features/Login.feature
01:14:43.218 [main] DEBUG net.thucydides.core.guice.Injectors - Created injector for module net.thucydides.core.guice.webdriver.WebDriverModule
01:14:43.226 [main] INFO  - 

-------------------------------------------------------------------------------------
     _______. _______ .______       _______ .__   __.  __  .___________.____    ____ 
    /       ||   ____||   _  \     |   ____||  \ |  | |  | |           |\   \  /   / 
   |   (----`|  |__   |  |_)  |    |  |__   |   \|  | |  | `---|  |----` \   \/   /  
    \   \    |   __|  |      /     |   __|  |  . `  | |  |     |  |       \_    _/   
.----)   |   |  |____ |  |\  \----.|  |____ |  |\   | |  |     |  |         |  |     
|_______/    |_______|| _| `._____||_______||__| \__| |__|     |__|         |__|    
                                                                                     
 News and tutorials at http://www.serenity-bdd.info                                  
 Documentation at https://wakaleo.gitbooks.io/the-serenity-book/content/             
 Join the Serenity Community on Gitter: https://gitter.im/serenity-bdd/serenity-core 
 Serenity BDD Support and Training at http://serenity-bdd.info/#/trainingandsupport  
-------------------------------------------------------------------------------------

01:14:43.228 [main] DEBUG net.thucydides.core.steps.StepEventBus - Test suite started for story net.thucydides.core.model.Story@a077a8ae
01:14:43.229 [main] INFO  - Test Suite Started: As a user i have be able to login so that i can see home screen
01:14:43.264 [main] DEBUG io.cucumber.core.plugin.SerenityReporter - Running feature from file:///D:/%5BKM%5D%20Quality%20Assurance%20-%20Alttera%20Academy/Git%20Derry/QE_AlberDerry/Mini%20Project/test-automation-mobile/src/test/resources/features/Product.feature
01:14:43.267 [main] DEBUG net.thucydides.core.steps.StepEventBus - Test suite started for story net.thucydides.core.model.Story@75782834
01:14:43.267 [main] INFO  - Test Suite Started: As a user i have be able to login so that i can see home screen
01:14:43.267 [main] DEBUG io.cucumber.core.plugin.SerenityReporter - Running feature from file:///D:/%5BKM%5D%20Quality%20Assurance%20-%20Alttera%20Academy/Git%20Derry/QE_AlberDerry/Mini%20Project/test-automation-mobile/src/test/resources/features/Register.feature
01:14:43.269 [main] DEBUG net.thucydides.core.steps.StepEventBus - Test suite started for story net.thucydides.core.model.Story@e0bb2fd4
01:14:43.269 [main] INFO  - Test Suite Started: New user can Create account and Registered
01:14:43.271 [main] DEBUG io.cucumber.core.plugin.SerenityReporter - Running feature from file:///D:/%5BKM%5D%20Quality%20Assurance%20-%20Alttera%20Academy/Git%20Derry/QE_AlberDerry/Mini%20Project/test-automation-mobile/src/test/resources/features/Login.feature
01:14:43.272 [main] DEBUG net.thucydides.core.steps.StepEventBus - Test suite started for story net.thucydides.core.model.Story@a077a8ae
01:14:43.273 [main] INFO  - Test Suite Started: As a user i have be able to login so that i can see home screen
01:14:43.327 [main] DEBUG io.cucumber.core.plugin.SerenityReporter - Running feature from file:///D:/%5BKM%5D%20Quality%20Assurance%20-%20Alttera%20Academy/Git%20Derry/QE_AlberDerry/Mini%20Project/test-automation-mobile/src/test/resources/features/Login.feature
01:14:43.404 [main] INFO  - 
  _____   ___   ___   _____     ___   _____     _     ___   _____   ___   ___  
 |_   _| | __| / __| |_   _|   / __| |_   _|   /_\   | _ \ |_   _| | __| |   \ 
   | |   | _|  \__ \   | |     \__ \   | |    / _ \  |   /   | |   | _|  | |) |
   |_|   |___| |___/   |_|     |___/   |_|   /_/ \_\ |_|_\   |_|   |___| |___/ 

As a user i can login(as-a-user-i-have-be-able-to-login-so-that-i-can-see-home-screen;as-a-user-i-can-login)
--------------------------------------------------------------------------------
01:14:43.442 [main] DEBUG net.thucydides.core.requirements.model.cucumber.CucumberParser - Loading feature D:\[KM] Quality Assurance - Alttera Academy\Git Derry\QE_AlberDerry\Mini Project\test-automation-mobile\src\test\resources\features\Login.feature
01:14:43.453 [main] DEBUG net.thucydides.core.requirements.model.cucumber.CucumberParser - Loading feature D:\[KM] Quality Assurance - Alttera Academy\Git Derry\QE_AlberDerry\Mini Project\test-automation-mobile\src\test\resources\features\Product.feature
01:14:43.456 [main] DEBUG net.thucydides.core.requirements.model.cucumber.CucumberParser - Loading feature D:\[KM] Quality Assurance - Alttera Academy\Git Derry\QE_AlberDerry\Mini Project\test-automation-mobile\src\test\resources\features\Register.feature
01:14:43.739 [main] DEBUG net.thucydides.core.steps.StepInterceptor - STARTING STEP: LoginSteps.userOnHomePage - onHomePage
01:14:43.812 [main] DEBUG io.netty.util.internal.logging.InternalLoggerFactory - Using SLF4J as the default logging framework
01:14:43.815 [main] DEBUG io.netty.util.ResourceLeakDetector - -Dio.netty.leakDetection.level: simple
01:14:43.815 [main] DEBUG io.netty.util.ResourceLeakDetector - -Dio.netty.leakDetection.targetRecords: 4
01:14:43.819 [main] DEBUG io.netty.util.ResourceLeakDetectorFactory - Loaded default ResourceLeakDetector: io.netty.util.ResourceLeakDetector@118102ee
01:14:43.838 [main] DEBUG io.netty.util.internal.PlatformDependent0 - -Dio.netty.noUnsafe: false
01:14:43.838 [main] DEBUG io.netty.util.internal.PlatformDependent0 - Java version: 8
01:14:43.839 [main] DEBUG io.netty.util.internal.PlatformDependent0 - sun.misc.Unsafe.theUnsafe: available
01:14:43.839 [main] DEBUG io.netty.util.internal.PlatformDependent0 - sun.misc.Unsafe.copyMemory: available
01:14:43.839 [main] DEBUG io.netty.util.internal.PlatformDependent0 - sun.misc.Unsafe.storeFence: available
01:14:43.839 [main] DEBUG io.netty.util.internal.PlatformDependent0 - java.nio.Buffer.address: available
01:14:43.841 [main] DEBUG io.netty.util.internal.PlatformDependent0 - direct buffer constructor: available
01:14:43.841 [main] DEBUG io.netty.util.internal.PlatformDependent0 - java.nio.Bits.unaligned: available, true
01:14:43.842 [main] DEBUG io.netty.util.internal.PlatformDependent0 - jdk.internal.misc.Unsafe.allocateUninitializedArray(int): unavailable prior to Java9
01:14:43.842 [main] DEBUG io.netty.util.internal.PlatformDependent0 - java.nio.DirectByteBuffer.<init>(long, int): available
01:14:43.842 [main] DEBUG io.netty.util.internal.PlatformDependent - sun.misc.Unsafe: available
01:14:43.842 [main] DEBUG io.netty.util.internal.PlatformDependent - -Dio.netty.tmpdir: C:\Users\ACER\AppData\Local\Temp (java.io.tmpdir)
01:14:43.842 [main] DEBUG io.netty.util.internal.PlatformDependent - -Dio.netty.bitMode: 64 (sun.arch.data.model)
01:14:43.842 [main] DEBUG io.netty.util.internal.PlatformDependent - Platform: Windows
01:14:43.843 [main] DEBUG io.netty.util.internal.PlatformDependent - -Dio.netty.maxDirectMemory: 3767533568 bytes
01:14:43.843 [main] DEBUG io.netty.util.internal.PlatformDependent - -Dio.netty.uninitializedArrayAllocationThreshold: -1
01:14:43.844 [main] DEBUG io.netty.util.internal.CleanerJava6 - java.nio.ByteBuffer.cleaner(): available
01:14:43.845 [main] DEBUG io.netty.util.internal.PlatformDependent - -Dio.netty.noPreferDirect: false
01:14:43.858 [main] DEBUG io.netty.util.internal.PlatformDependent - org.jctools-core.MpscChunkedArrayQueue: available
01:14:43.877 [main] DEBUG io.netty.util.internal.InternalThreadLocalMap - -Dio.netty.threadLocalMap.stringBuilder.initialSize: 1024
01:14:43.877 [main] DEBUG io.netty.util.internal.InternalThreadLocalMap - -Dio.netty.threadLocalMap.stringBuilder.maxSize: 4096
01:14:44.171 [main] DEBUG io.netty.handler.ssl.JdkSslContext - Default protocols (JDK): [TLSv1.3, TLSv1.2] 
01:14:44.171 [main] DEBUG io.netty.handler.ssl.JdkSslContext - Default cipher suites (JDK): [TLS_ECDHE_ECDSA_WITH_AES_256_GCM_SHA384, TLS_ECDHE_ECDSA_WITH_AES_128_GCM_SHA256, TLS_ECDHE_RSA_WITH_AES_128_GCM_SHA256, TLS_ECDHE_RSA_WITH_AES_256_GCM_SHA384, TLS_ECDHE_RSA_WITH_AES_128_CBC_SHA, TLS_ECDHE_RSA_WITH_AES_256_CBC_SHA, TLS_RSA_WITH_AES_128_GCM_SHA256, TLS_RSA_WITH_AES_128_CBC_SHA, TLS_RSA_WITH_AES_256_CBC_SHA, TLS_AES_128_GCM_SHA256, TLS_AES_256_GCM_SHA384]
01:14:44.181 [main] DEBUG io.netty.util.concurrent.GlobalEventExecutor - -Dio.netty.globalEventExecutor.quietPeriodSeconds: 1
01:14:44.191 [main] DEBUG io.netty.channel.MultithreadEventLoopGroup - -Dio.netty.eventLoopThreads: 24
01:14:44.198 [main] DEBUG io.netty.channel.nio.NioEventLoop - -Dio.netty.noKeySetOptimization: false
01:14:44.198 [main] DEBUG io.netty.channel.nio.NioEventLoop - -Dio.netty.selectorAutoRebuildThreshold: 512
01:14:44.229 [main] DEBUG io.netty.buffer.PooledByteBufAllocator - -Dio.netty.allocator.numHeapArenas: 24
01:14:44.229 [main] DEBUG io.netty.buffer.PooledByteBufAllocator - -Dio.netty.allocator.numDirectArenas: 24
01:14:44.229 [main] DEBUG io.netty.buffer.PooledByteBufAllocator - -Dio.netty.allocator.pageSize: 8192
01:14:44.229 [main] DEBUG io.netty.buffer.PooledByteBufAllocator - -Dio.netty.allocator.maxOrder: 9
01:14:44.229 [main] DEBUG io.netty.buffer.PooledByteBufAllocator - -Dio.netty.allocator.chunkSize: 4194304
01:14:44.229 [main] DEBUG io.netty.buffer.PooledByteBufAllocator - -Dio.netty.allocator.smallCacheSize: 256
01:14:44.229 [main] DEBUG io.netty.buffer.PooledByteBufAllocator - -Dio.netty.allocator.normalCacheSize: 64
01:14:44.229 [main] DEBUG io.netty.buffer.PooledByteBufAllocator - -Dio.netty.allocator.maxCachedBufferCapacity: 32768
01:14:44.229 [main] DEBUG io.netty.buffer.PooledByteBufAllocator - -Dio.netty.allocator.cacheTrimInterval: 8192
01:14:44.229 [main] DEBUG io.netty.buffer.PooledByteBufAllocator - -Dio.netty.allocator.cacheTrimIntervalMillis: 0
01:14:44.229 [main] DEBUG io.netty.buffer.PooledByteBufAllocator - -Dio.netty.allocator.useCacheForAllThreads: false
01:14:44.231 [main] DEBUG io.netty.buffer.PooledByteBufAllocator - -Dio.netty.allocator.maxCachedByteBuffersPerChunk: 1023
01:14:44.240 [main] DEBUG io.netty.buffer.ByteBufUtil - -Dio.netty.allocator.type: pooled
01:14:44.240 [main] DEBUG io.netty.buffer.ByteBufUtil - -Dio.netty.threadLocalDirectBufferSize: 0
01:14:44.240 [main] DEBUG io.netty.buffer.ByteBufUtil - -Dio.netty.maxThreadLocalCharBufferSize: 16384
01:14:44.391 [Forwarding newSession on session null to remote] DEBUG io.netty.channel.DefaultChannelId - -Dio.netty.processId: 24540 (auto-detected)
01:14:44.393 [Forwarding newSession on session null to remote] DEBUG io.netty.util.NetUtil - -Djava.net.preferIPv4Stack: false
01:14:44.393 [Forwarding newSession on session null to remote] DEBUG io.netty.util.NetUtil - -Djava.net.preferIPv6Addresses: false
01:14:44.523 [Forwarding newSession on session null to remote] DEBUG io.netty.util.NetUtilInitializations - Loopback interface: lo (Software Loopback Interface 1, 127.0.0.1)
01:14:44.523 [Forwarding newSession on session null to remote] DEBUG io.netty.util.NetUtil - Failed to get SOMAXCONN from sysctl and file \proc\sys\net\core\somaxconn. Default: 200
01:14:44.533 [Forwarding newSession on session null to remote] DEBUG io.netty.channel.DefaultChannelId - -Dio.netty.machineId: f4:7b:09:ff:fe:a4:16:e6 (auto-detected)
01:14:44.569 [AsyncHttpClient-1-2] DEBUG io.netty.buffer.AbstractByteBuf - -Dio.netty.buffer.checkAccessible: true
01:14:44.569 [AsyncHttpClient-1-2] DEBUG io.netty.buffer.AbstractByteBuf - -Dio.netty.buffer.checkBounds: true
01:14:44.569 [AsyncHttpClient-1-2] DEBUG io.netty.util.ResourceLeakDetectorFactory - Loaded default ResourceLeakDetector: io.netty.util.ResourceLeakDetector@7ee30dfc
01:14:44.584 [AsyncHttpClient-1-2] DEBUG org.asynchttpclient.netty.channel.NettyConnectListener - Using new Channel '[id: 0xec776ecb, L:/192.168.56.1:60805 - R:/0.0.0.0:4723]' for 'POST' to '/wd/hub/session'
01:14:44.596 [AsyncHttpClient-1-2] DEBUG io.netty.util.Recycler - -Dio.netty.recycler.maxCapacityPerThread: 4096
01:14:44.596 [AsyncHttpClient-1-2] DEBUG io.netty.util.Recycler - -Dio.netty.recycler.ratio: 8
01:14:44.596 [AsyncHttpClient-1-2] DEBUG io.netty.util.Recycler - -Dio.netty.recycler.chunkSize: 32
01:14:44.596 [AsyncHttpClient-1-2] DEBUG io.netty.util.Recycler - -Dio.netty.recycler.blocking: false
01:14:44.596 [AsyncHttpClient-1-2] DEBUG io.netty.util.Recycler - -Dio.netty.recycler.batchFastThreadLocalOnly: true
01:14:51.361 [AsyncHttpClient-1-2] DEBUG io.netty.handler.codec.compression.Brotli - brotli4j not in the classpath; Brotli support will be unavailable.
01:14:51.361 [AsyncHttpClient-1-2] DEBUG org.asynchttpclient.netty.handler.HttpHandler - 

Request DefaultHttpRequest(decodeResult: success, version: HTTP/1.1)
POST /wd/hub/session HTTP/1.1
X-Idempotency-Key: a1ad200e-a8aa-4001-a2b7-398aa52f48c8
User-Agent: appium/8.3.0 (selenium/4.8.1 (java windows))
Content-Length: 457
Content-Type: application/json; charset=utf-8
host: 0.0.0.0:4723
accept: */*

Response DefaultHttpResponse(decodeResult: success, version: HTTP/1.1)
HTTP/1.1 200 OK
X-Powered-By: Express
Vary: X-HTTP-Method-Override
Content-Type: application/json; charset=utf-8
Content-Length: 1142
ETag: W/"476-IkoB7WPs8jqpu8ySOrWAgNEpP8k"
Date: Mon, 08 May 2023 18:14:51 GMT
Connection: keep-alive
Keep-Alive: timeout=600

01:14:51.368 [AsyncHttpClient-1-2] DEBUG org.asynchttpclient.netty.channel.ChannelManager - Adding key: http://0.0.0.0:4723 for channel [id: 0xec776ecb, L:/192.168.56.1:60805 - R:/0.0.0.0:4723]
01:14:51.424 [Forwarding setTimeout on session dd496d01-e5ef-4f11-8d6d-7fd542564564 to remote] DEBUG org.asynchttpclient.netty.request.NettyRequestSender - Using pooled Channel '[id: 0xec776ecb, L:/192.168.56.1:60805 - R:/0.0.0.0:4723]' for 'POST' to 'http://0.0.0.0:4723/wd/hub/session/dd496d01-e5ef-4f11-8d6d-7fd542564564/timeouts'
01:14:51.424 [Forwarding setTimeout on session dd496d01-e5ef-4f11-8d6d-7fd542564564 to remote] DEBUG org.asynchttpclient.netty.request.NettyRequestSender - Using open Channel [id: 0xec776ecb, L:/192.168.56.1:60805 - R:/0.0.0.0:4723] for POST '/wd/hub/session/dd496d01-e5ef-4f11-8d6d-7fd542564564/timeouts'
01:14:51.429 [AsyncHttpClient-1-2] DEBUG org.asynchttpclient.netty.handler.HttpHandler - 

Request DefaultHttpRequest(decodeResult: success, version: HTTP/1.1)
POST /wd/hub/session/dd496d01-e5ef-4f11-8d6d-7fd542564564/timeouts HTTP/1.1
User-Agent: appium/8.3.0 (selenium/4.8.1 (java windows))
Content-Length: 23
Content-Type: application/json; charset=utf-8
host: 0.0.0.0:4723
accept: */*

Response DefaultHttpResponse(decodeResult: success, version: HTTP/1.1)
HTTP/1.1 200 OK
X-Powered-By: Express
Vary: X-HTTP-Method-Override
Content-Type: application/json; charset=utf-8
Content-Length: 14
ETag: W/"e-9/1BuKMgFObM1mWJm+YjxtXJnUM"
Date: Mon, 08 May 2023 18:14:51 GMT
Connection: keep-alive
Keep-Alive: timeout=600

01:14:51.429 [AsyncHttpClient-1-2] DEBUG org.asynchttpclient.netty.channel.ChannelManager - Adding key: http://0.0.0.0:4723 for channel [id: 0xec776ecb, L:/192.168.56.1:60805 - R:/0.0.0.0:4723]
01:14:51.435 [Forwarding findElement on session dd496d01-e5ef-4f11-8d6d-7fd542564564 to remote] DEBUG org.asynchttpclient.netty.request.NettyRequestSender - Using pooled Channel '[id: 0xec776ecb, L:/192.168.56.1:60805 - R:/0.0.0.0:4723]' for 'POST' to 'http://0.0.0.0:4723/wd/hub/session/dd496d01-e5ef-4f11-8d6d-7fd542564564/element'
01:14:51.435 [Forwarding findElement on session dd496d01-e5ef-4f11-8d6d-7fd542564564 to remote] DEBUG org.asynchttpclient.netty.request.NettyRequestSender - Using open Channel [id: 0xec776ecb, L:/192.168.56.1:60805 - R:/0.0.0.0:4723] for POST '/wd/hub/session/dd496d01-e5ef-4f11-8d6d-7fd542564564/element'
01:14:52.009 [AsyncHttpClient-1-2] DEBUG org.asynchttpclient.netty.handler.HttpHandler - 

Request DefaultHttpRequest(decodeResult: success, version: HTTP/1.1)
POST /wd/hub/session/dd496d01-e5ef-4f11-8d6d-7fd542564564/element HTTP/1.1
User-Agent: appium/8.3.0 (selenium/4.8.1 (java windows))
Content-Length: 330
Content-Type: application/json; charset=utf-8
host: 0.0.0.0:4723
accept: */*

Response DefaultHttpResponse(decodeResult: success, version: HTTP/1.1)
HTTP/1.1 200 OK
X-Powered-By: Express
Vary: X-HTTP-Method-Override
Content-Type: application/json; charset=utf-8
Content-Length: 137
ETag: W/"89-HQSyKM1PyxfoTYHLz1/Y7R5/o/I"
Date: Mon, 08 May 2023 18:14:52 GMT
Connection: keep-alive
Keep-Alive: timeout=600

01:14:52.009 [AsyncHttpClient-1-2] DEBUG org.asynchttpclient.netty.channel.ChannelManager - Adding key: http://0.0.0.0:4723 for channel [id: 0xec776ecb, L:/192.168.56.1:60805 - R:/0.0.0.0:4723]
01:14:52.012 [Forwarding isElementDisplayed on session dd496d01-e5ef-4f11-8d6d-7fd542564564 to remote] DEBUG org.asynchttpclient.netty.request.NettyRequestSender - Using pooled Channel '[id: 0xec776ecb, L:/192.168.56.1:60805 - R:/0.0.0.0:4723]' for 'GET' to 'http://0.0.0.0:4723/wd/hub/session/dd496d01-e5ef-4f11-8d6d-7fd542564564/element/00000000-0000-0643-0000-000700000000/displayed'
01:14:52.012 [Forwarding isElementDisplayed on session dd496d01-e5ef-4f11-8d6d-7fd542564564 to remote] DEBUG org.asynchttpclient.netty.request.NettyRequestSender - Using open Channel [id: 0xec776ecb, L:/192.168.56.1:60805 - R:/0.0.0.0:4723] for GET '/wd/hub/session/dd496d01-e5ef-4f11-8d6d-7fd542564564/element/00000000-0000-0643-0000-000700000000/displayed'
01:14:52.027 [AsyncHttpClient-1-2] DEBUG org.asynchttpclient.netty.handler.HttpHandler - 

Request DefaultFullHttpRequest(decodeResult: success, version: HTTP/1.1, content: EmptyByteBufBE)
GET /wd/hub/session/dd496d01-e5ef-4f11-8d6d-7fd542564564/element/00000000-0000-0643-0000-000700000000/displayed HTTP/1.1
User-Agent: appium/8.3.0 (selenium/4.8.1 (java windows))
Cache-Control: no-cache
Content-Type: application/json; charset=utf-8
host: 0.0.0.0:4723
accept: */*

Response DefaultHttpResponse(decodeResult: success, version: HTTP/1.1)
HTTP/1.1 200 OK
X-Powered-By: Express
Content-Type: application/json; charset=utf-8
Content-Length: 14
ETag: W/"e-2ZHvAWebNQpyjGZTg6uyV8/spTo"
Date: Mon, 08 May 2023 18:14:52 GMT
Connection: keep-alive
Keep-Alive: timeout=600

01:14:52.028 [AsyncHttpClient-1-2] DEBUG org.asynchttpclient.netty.channel.ChannelManager - Adding key: http://0.0.0.0:4723 for channel [id: 0xec776ecb, L:/192.168.56.1:60805 - R:/0.0.0.0:4723]
01:14:52.029 [Forwarding isElementDisplayed on session dd496d01-e5ef-4f11-8d6d-7fd542564564 to remote] DEBUG org.asynchttpclient.netty.request.NettyRequestSender - Using pooled Channel '[id: 0xec776ecb, L:/192.168.56.1:60805 - R:/0.0.0.0:4723]' for 'GET' to 'http://0.0.0.0:4723/wd/hub/session/dd496d01-e5ef-4f11-8d6d-7fd542564564/element/00000000-0000-0643-0000-000700000000/displayed'
01:14:52.029 [Forwarding isElementDisplayed on session dd496d01-e5ef-4f11-8d6d-7fd542564564 to remote] DEBUG org.asynchttpclient.netty.request.NettyRequestSender - Using open Channel [id: 0xec776ecb, L:/192.168.56.1:60805 - R:/0.0.0.0:4723] for GET '/wd/hub/session/dd496d01-e5ef-4f11-8d6d-7fd542564564/element/00000000-0000-0643-0000-000700000000/displayed'
01:14:52.041 [AsyncHttpClient-1-2] DEBUG org.asynchttpclient.netty.handler.HttpHandler - 

Request DefaultFullHttpRequest(decodeResult: success, version: HTTP/1.1, content: EmptyByteBufBE)
GET /wd/hub/session/dd496d01-e5ef-4f11-8d6d-7fd542564564/element/00000000-0000-0643-0000-000700000000/displayed HTTP/1.1
User-Agent: appium/8.3.0 (selenium/4.8.1 (java windows))
Cache-Control: no-cache
Content-Type: application/json; charset=utf-8
host: 0.0.0.0:4723
accept: */*

Response DefaultHttpResponse(decodeResult: success, version: HTTP/1.1)
HTTP/1.1 200 OK
X-Powered-By: Express
Content-Type: application/json; charset=utf-8
Content-Length: 14
ETag: W/"e-2ZHvAWebNQpyjGZTg6uyV8/spTo"
Date: Mon, 08 May 2023 18:14:52 GMT
Connection: keep-alive
Keep-Alive: timeout=600

01:14:52.041 [AsyncHttpClient-1-2] DEBUG org.asynchttpclient.netty.channel.ChannelManager - Adding key: http://0.0.0.0:4723 for channel [id: 0xec776ecb, L:/192.168.56.1:60805 - R:/0.0.0.0:4723]
01:14:52.046 [main] DEBUG net.thucydides.core.steps.StepInterceptor - STEP DONE: onHomePage
]]></system-out>
    <system-err><![CDATA[SLF4J: Class path contains multiple SLF4J bindings.
SLF4J: Found binding in [jar:file:/C:/Users/ACER/.m2/repository/ch/qos/logback/logback-classic/1.2.10/logback-classic-1.2.10.jar!/org/slf4j/impl/StaticLoggerBinder.class]
SLF4J: Found binding in [jar:file:/C:/Users/ACER/.m2/repository/org/slf4j/slf4j-simple/1.7.7/slf4j-simple-1.7.7.jar!/org/slf4j/impl/StaticLoggerBinder.class]
SLF4J: See http://www.slf4j.org/codes.html#multiple_bindings for an explanation.
SLF4J: Actual binding is of type [ch.qos.logback.classic.util.ContextSelectorStaticBinder]
]]></system-err>
  </testcase>
  <testcase name="user click account info" classname="As a user i can login" time="0.603">
    <system-out><![CDATA[01:14:52.058 [main] DEBUG net.thucydides.core.steps.StepInterceptor - STARTING STEP: LoginSteps.userClikAccount - clickAccount
01:14:52.060 [Forwarding findElement on session dd496d01-e5ef-4f11-8d6d-7fd542564564 to remote] DEBUG org.asynchttpclient.netty.request.NettyRequestSender - Using pooled Channel '[id: 0xec776ecb, L:/192.168.56.1:60805 - R:/0.0.0.0:4723]' for 'POST' to 'http://0.0.0.0:4723/wd/hub/session/dd496d01-e5ef-4f11-8d6d-7fd542564564/element'
01:14:52.060 [Forwarding findElement on session dd496d01-e5ef-4f11-8d6d-7fd542564564 to remote] DEBUG org.asynchttpclient.netty.request.NettyRequestSender - Using open Channel [id: 0xec776ecb, L:/192.168.56.1:60805 - R:/0.0.0.0:4723] for POST '/wd/hub/session/dd496d01-e5ef-4f11-8d6d-7fd542564564/element'
01:14:52.124 [AsyncHttpClient-1-2] DEBUG org.asynchttpclient.netty.handler.HttpHandler - 

Request DefaultHttpRequest(decodeResult: success, version: HTTP/1.1)
POST /wd/hub/session/dd496d01-e5ef-4f11-8d6d-7fd542564564/element HTTP/1.1
User-Agent: appium/8.3.0 (selenium/4.8.1 (java windows))
Content-Length: 330
Content-Type: application/json; charset=utf-8
host: 0.0.0.0:4723
accept: */*

Response DefaultHttpResponse(decodeResult: success, version: HTTP/1.1)
HTTP/1.1 200 OK
X-Powered-By: Express
Vary: X-HTTP-Method-Override
Content-Type: application/json; charset=utf-8
Content-Length: 137
ETag: W/"89-HQSyKM1PyxfoTYHLz1/Y7R5/o/I"
Date: Mon, 08 May 2023 18:14:52 GMT
Connection: keep-alive
Keep-Alive: timeout=600

01:14:52.124 [AsyncHttpClient-1-2] DEBUG org.asynchttpclient.netty.channel.ChannelManager - Adding key: http://0.0.0.0:4723 for channel [id: 0xec776ecb, L:/192.168.56.1:60805 - R:/0.0.0.0:4723]
01:14:52.125 [Forwarding isElementDisplayed on session dd496d01-e5ef-4f11-8d6d-7fd542564564 to remote] DEBUG org.asynchttpclient.netty.request.NettyRequestSender - Using pooled Channel '[id: 0xec776ecb, L:/192.168.56.1:60805 - R:/0.0.0.0:4723]' for 'GET' to 'http://0.0.0.0:4723/wd/hub/session/dd496d01-e5ef-4f11-8d6d-7fd542564564/element/00000000-0000-0643-0000-000700000000/displayed'
01:14:52.126 [Forwarding isElementDisplayed on session dd496d01-e5ef-4f11-8d6d-7fd542564564 to remote] DEBUG org.asynchttpclient.netty.request.NettyRequestSender - Using open Channel [id: 0xec776ecb, L:/192.168.56.1:60805 - R:/0.0.0.0:4723] for GET '/wd/hub/session/dd496d01-e5ef-4f11-8d6d-7fd542564564/element/00000000-0000-0643-0000-000700000000/displayed'
01:14:52.612 [AsyncHttpClient-1-2] DEBUG org.asynchttpclient.netty.handler.HttpHandler - 

Request DefaultFullHttpRequest(decodeResult: success, version: HTTP/1.1, content: EmptyByteBufBE)
GET /wd/hub/session/dd496d01-e5ef-4f11-8d6d-7fd542564564/element/00000000-0000-0643-0000-000700000000/displayed HTTP/1.1
User-Agent: appium/8.3.0 (selenium/4.8.1 (java windows))
Cache-Control: no-cache
Content-Type: application/json; charset=utf-8
host: 0.0.0.0:4723
accept: */*

Response DefaultHttpResponse(decodeResult: success, version: HTTP/1.1)
HTTP/1.1 200 OK
X-Powered-By: Express
Content-Type: application/json; charset=utf-8
Content-Length: 14
ETag: W/"e-2ZHvAWebNQpyjGZTg6uyV8/spTo"
Date: Mon, 08 May 2023 18:14:52 GMT
Connection: keep-alive
Keep-Alive: timeout=600

01:14:52.612 [AsyncHttpClient-1-2] DEBUG org.asynchttpclient.netty.channel.ChannelManager - Adding key: http://0.0.0.0:4723 for channel [id: 0xec776ecb, L:/192.168.56.1:60805 - R:/0.0.0.0:4723]
01:14:52.613 [Forwarding isElementEnabled on session dd496d01-e5ef-4f11-8d6d-7fd542564564 to remote] DEBUG org.asynchttpclient.netty.request.NettyRequestSender - Using pooled Channel '[id: 0xec776ecb, L:/192.168.56.1:60805 - R:/0.0.0.0:4723]' for 'GET' to 'http://0.0.0.0:4723/wd/hub/session/dd496d01-e5ef-4f11-8d6d-7fd542564564/element/00000000-0000-0643-0000-000700000000/enabled'
01:14:52.614 [Forwarding isElementEnabled on session dd496d01-e5ef-4f11-8d6d-7fd542564564 to remote] DEBUG org.asynchttpclient.netty.request.NettyRequestSender - Using open Channel [id: 0xec776ecb, L:/192.168.56.1:60805 - R:/0.0.0.0:4723] for GET '/wd/hub/session/dd496d01-e5ef-4f11-8d6d-7fd542564564/element/00000000-0000-0643-0000-000700000000/enabled'
01:14:52.630 [AsyncHttpClient-1-2] DEBUG org.asynchttpclient.netty.handler.HttpHandler - 

Request DefaultFullHttpRequest(decodeResult: success, version: HTTP/1.1, content: EmptyByteBufBE)
GET /wd/hub/session/dd496d01-e5ef-4f11-8d6d-7fd542564564/element/00000000-0000-0643-0000-000700000000/enabled HTTP/1.1
User-Agent: appium/8.3.0 (selenium/4.8.1 (java windows))
Cache-Control: no-cache
Content-Type: application/json; charset=utf-8
host: 0.0.0.0:4723
accept: */*

Response DefaultHttpResponse(decodeResult: success, version: HTTP/1.1)
HTTP/1.1 200 OK
X-Powered-By: Express
Content-Type: application/json; charset=utf-8
Content-Length: 14
ETag: W/"e-2ZHvAWebNQpyjGZTg6uyV8/spTo"
Date: Mon, 08 May 2023 18:14:52 GMT
Connection: keep-alive
Keep-Alive: timeout=600

01:14:52.630 [AsyncHttpClient-1-2] DEBUG org.asynchttpclient.netty.channel.ChannelManager - Adding key: http://0.0.0.0:4723 for channel [id: 0xec776ecb, L:/192.168.56.1:60805 - R:/0.0.0.0:4723]
01:14:52.632 [Forwarding clickElement on session dd496d01-e5ef-4f11-8d6d-7fd542564564 to remote] DEBUG org.asynchttpclient.netty.request.NettyRequestSender - Using pooled Channel '[id: 0xec776ecb, L:/192.168.56.1:60805 - R:/0.0.0.0:4723]' for 'POST' to 'http://0.0.0.0:4723/wd/hub/session/dd496d01-e5ef-4f11-8d6d-7fd542564564/element/00000000-0000-0643-0000-000700000000/click'
01:14:52.632 [Forwarding clickElement on session dd496d01-e5ef-4f11-8d6d-7fd542564564 to remote] DEBUG org.asynchttpclient.netty.request.NettyRequestSender - Using open Channel [id: 0xec776ecb, L:/192.168.56.1:60805 - R:/0.0.0.0:4723] for POST '/wd/hub/session/dd496d01-e5ef-4f11-8d6d-7fd542564564/element/00000000-0000-0643-0000-000700000000/click'
01:14:52.656 [AsyncHttpClient-1-2] DEBUG org.asynchttpclient.netty.handler.HttpHandler - 

Request DefaultHttpRequest(decodeResult: success, version: HTTP/1.1)
POST /wd/hub/session/dd496d01-e5ef-4f11-8d6d-7fd542564564/element/00000000-0000-0643-0000-000700000000/click HTTP/1.1
User-Agent: appium/8.3.0 (selenium/4.8.1 (java windows))
Content-Length: 50
Content-Type: application/json; charset=utf-8
host: 0.0.0.0:4723
accept: */*

Response DefaultHttpResponse(decodeResult: success, version: HTTP/1.1)
HTTP/1.1 200 OK
X-Powered-By: Express
Vary: X-HTTP-Method-Override
Content-Type: application/json; charset=utf-8
Content-Length: 14
ETag: W/"e-9/1BuKMgFObM1mWJm+YjxtXJnUM"
Date: Mon, 08 May 2023 18:14:52 GMT
Connection: keep-alive
Keep-Alive: timeout=600

01:14:52.656 [AsyncHttpClient-1-2] DEBUG org.asynchttpclient.netty.channel.ChannelManager - Adding key: http://0.0.0.0:4723 for channel [id: 0xec776ecb, L:/192.168.56.1:60805 - R:/0.0.0.0:4723]
01:14:52.657 [main] DEBUG net.thucydides.core.steps.StepInterceptor - STEP DONE: clickAccount
]]></system-out>
  </testcase>
  <testcase name="user input valid email" classname="As a user i can login" time="1.649">
    <system-out><![CDATA[01:14:52.661 [main] DEBUG net.thucydides.core.steps.StepInterceptor - STARTING STEP: LoginSteps.userInputValidEmail - clickTypeEmail
01:14:52.663 [Forwarding findElement on session dd496d01-e5ef-4f11-8d6d-7fd542564564 to remote] DEBUG org.asynchttpclient.netty.request.NettyRequestSender - Using pooled Channel '[id: 0xec776ecb, L:/192.168.56.1:60805 - R:/0.0.0.0:4723]' for 'POST' to 'http://0.0.0.0:4723/wd/hub/session/dd496d01-e5ef-4f11-8d6d-7fd542564564/element'
01:14:52.663 [Forwarding findElement on session dd496d01-e5ef-4f11-8d6d-7fd542564564 to remote] DEBUG org.asynchttpclient.netty.request.NettyRequestSender - Using open Channel [id: 0xec776ecb, L:/192.168.56.1:60805 - R:/0.0.0.0:4723] for POST '/wd/hub/session/dd496d01-e5ef-4f11-8d6d-7fd542564564/element'
01:14:53.559 [AsyncHttpClient-1-2] DEBUG org.asynchttpclient.netty.handler.HttpHandler - 

Request DefaultHttpRequest(decodeResult: success, version: HTTP/1.1)
POST /wd/hub/session/dd496d01-e5ef-4f11-8d6d-7fd542564564/element HTTP/1.1
User-Agent: appium/8.3.0 (selenium/4.8.1 (java windows))
Content-Length: 305
Content-Type: application/json; charset=utf-8
host: 0.0.0.0:4723
accept: */*

Response DefaultHttpResponse(decodeResult: success, version: HTTP/1.1)
HTTP/1.1 200 OK
X-Powered-By: Express
Vary: X-HTTP-Method-Override
Content-Type: application/json; charset=utf-8
Content-Length: 137
ETag: W/"89-pcVr6wc7p7UqvulXPEIZeSFT3EI"
Date: Mon, 08 May 2023 18:14:53 GMT
Connection: keep-alive
Keep-Alive: timeout=600

01:14:53.559 [AsyncHttpClient-1-2] DEBUG org.asynchttpclient.netty.channel.ChannelManager - Adding key: http://0.0.0.0:4723 for channel [id: 0xec776ecb, L:/192.168.56.1:60805 - R:/0.0.0.0:4723]
01:14:53.560 [Forwarding isElementDisplayed on session dd496d01-e5ef-4f11-8d6d-7fd542564564 to remote] DEBUG org.asynchttpclient.netty.request.NettyRequestSender - Using pooled Channel '[id: 0xec776ecb, L:/192.168.56.1:60805 - R:/0.0.0.0:4723]' for 'GET' to 'http://0.0.0.0:4723/wd/hub/session/dd496d01-e5ef-4f11-8d6d-7fd542564564/element/00000000-0000-0643-0000-002600000000/displayed'
01:14:53.560 [Forwarding isElementDisplayed on session dd496d01-e5ef-4f11-8d6d-7fd542564564 to remote] DEBUG org.asynchttpclient.netty.request.NettyRequestSender - Using open Channel [id: 0xec776ecb, L:/192.168.56.1:60805 - R:/0.0.0.0:4723] for GET '/wd/hub/session/dd496d01-e5ef-4f11-8d6d-7fd542564564/element/00000000-0000-0643-0000-002600000000/displayed'
01:14:53.574 [AsyncHttpClient-1-2] DEBUG org.asynchttpclient.netty.handler.HttpHandler - 

Request DefaultFullHttpRequest(decodeResult: success, version: HTTP/1.1, content: EmptyByteBufBE)
GET /wd/hub/session/dd496d01-e5ef-4f11-8d6d-7fd542564564/element/00000000-0000-0643-0000-002600000000/displayed HTTP/1.1
User-Agent: appium/8.3.0 (selenium/4.8.1 (java windows))
Cache-Control: no-cache
Content-Type: application/json; charset=utf-8
host: 0.0.0.0:4723
accept: */*

Response DefaultHttpResponse(decodeResult: success, version: HTTP/1.1)
HTTP/1.1 200 OK
X-Powered-By: Express
Content-Type: application/json; charset=utf-8
Content-Length: 14
ETag: W/"e-2ZHvAWebNQpyjGZTg6uyV8/spTo"
Date: Mon, 08 May 2023 18:14:53 GMT
Connection: keep-alive
Keep-Alive: timeout=600

01:14:53.574 [AsyncHttpClient-1-2] DEBUG org.asynchttpclient.netty.channel.ChannelManager - Adding key: http://0.0.0.0:4723 for channel [id: 0xec776ecb, L:/192.168.56.1:60805 - R:/0.0.0.0:4723]
01:14:53.575 [Forwarding isElementEnabled on session dd496d01-e5ef-4f11-8d6d-7fd542564564 to remote] DEBUG org.asynchttpclient.netty.request.NettyRequestSender - Using pooled Channel '[id: 0xec776ecb, L:/192.168.56.1:60805 - R:/0.0.0.0:4723]' for 'GET' to 'http://0.0.0.0:4723/wd/hub/session/dd496d01-e5ef-4f11-8d6d-7fd542564564/element/00000000-0000-0643-0000-002600000000/enabled'
01:14:53.575 [Forwarding isElementEnabled on session dd496d01-e5ef-4f11-8d6d-7fd542564564 to remote] DEBUG org.asynchttpclient.netty.request.NettyRequestSender - Using open Channel [id: 0xec776ecb, L:/192.168.56.1:60805 - R:/0.0.0.0:4723] for GET '/wd/hub/session/dd496d01-e5ef-4f11-8d6d-7fd542564564/element/00000000-0000-0643-0000-002600000000/enabled'
01:14:53.586 [AsyncHttpClient-1-2] DEBUG org.asynchttpclient.netty.handler.HttpHandler - 

Request DefaultFullHttpRequest(decodeResult: success, version: HTTP/1.1, content: EmptyByteBufBE)
GET /wd/hub/session/dd496d01-e5ef-4f11-8d6d-7fd542564564/element/00000000-0000-0643-0000-002600000000/enabled HTTP/1.1
User-Agent: appium/8.3.0 (selenium/4.8.1 (java windows))
Cache-Control: no-cache
Content-Type: application/json; charset=utf-8
host: 0.0.0.0:4723
accept: */*

Response DefaultHttpResponse(decodeResult: success, version: HTTP/1.1)
HTTP/1.1 200 OK
X-Powered-By: Express
Content-Type: application/json; charset=utf-8
Content-Length: 14
ETag: W/"e-2ZHvAWebNQpyjGZTg6uyV8/spTo"
Date: Mon, 08 May 2023 18:14:53 GMT
Connection: keep-alive
Keep-Alive: timeout=600

01:14:53.587 [AsyncHttpClient-1-2] DEBUG org.asynchttpclient.netty.channel.ChannelManager - Adding key: http://0.0.0.0:4723 for channel [id: 0xec776ecb, L:/192.168.56.1:60805 - R:/0.0.0.0:4723]
01:14:53.589 [Forwarding clickElement on session dd496d01-e5ef-4f11-8d6d-7fd542564564 to remote] DEBUG org.asynchttpclient.netty.request.NettyRequestSender - Using pooled Channel '[id: 0xec776ecb, L:/192.168.56.1:60805 - R:/0.0.0.0:4723]' for 'POST' to 'http://0.0.0.0:4723/wd/hub/session/dd496d01-e5ef-4f11-8d6d-7fd542564564/element/00000000-0000-0643-0000-002600000000/click'
01:14:53.589 [Forwarding clickElement on session dd496d01-e5ef-4f11-8d6d-7fd542564564 to remote] DEBUG org.asynchttpclient.netty.request.NettyRequestSender - Using open Channel [id: 0xec776ecb, L:/192.168.56.1:60805 - R:/0.0.0.0:4723] for POST '/wd/hub/session/dd496d01-e5ef-4f11-8d6d-7fd542564564/element/00000000-0000-0643-0000-002600000000/click'
01:14:53.615 [AsyncHttpClient-1-2] DEBUG org.asynchttpclient.netty.handler.HttpHandler - 

Request DefaultHttpRequest(decodeResult: success, version: HTTP/1.1)
POST /wd/hub/session/dd496d01-e5ef-4f11-8d6d-7fd542564564/element/00000000-0000-0643-0000-002600000000/click HTTP/1.1
User-Agent: appium/8.3.0 (selenium/4.8.1 (java windows))
Content-Length: 50
Content-Type: application/json; charset=utf-8
host: 0.0.0.0:4723
accept: */*

Response DefaultHttpResponse(decodeResult: success, version: HTTP/1.1)
HTTP/1.1 200 OK
X-Powered-By: Express
Vary: X-HTTP-Method-Override
Content-Type: application/json; charset=utf-8
Content-Length: 14
ETag: W/"e-9/1BuKMgFObM1mWJm+YjxtXJnUM"
Date: Mon, 08 May 2023 18:14:53 GMT
Connection: keep-alive
Keep-Alive: timeout=600

01:14:53.615 [AsyncHttpClient-1-2] DEBUG org.asynchttpclient.netty.channel.ChannelManager - Adding key: http://0.0.0.0:4723 for channel [id: 0xec776ecb, L:/192.168.56.1:60805 - R:/0.0.0.0:4723]
01:14:53.616 [main] DEBUG net.thucydides.core.steps.StepInterceptor - STEP DONE: clickTypeEmail
01:14:53.617 [main] DEBUG net.thucydides.core.steps.StepInterceptor - STARTING STEP: LoginSteps.userInputValidEmail - inputEmail
01:14:53.621 [Forwarding findElement on session dd496d01-e5ef-4f11-8d6d-7fd542564564 to remote] DEBUG org.asynchttpclient.netty.request.NettyRequestSender - Using pooled Channel '[id: 0xec776ecb, L:/192.168.56.1:60805 - R:/0.0.0.0:4723]' for 'POST' to 'http://0.0.0.0:4723/wd/hub/session/dd496d01-e5ef-4f11-8d6d-7fd542564564/element'
01:14:53.621 [Forwarding findElement on session dd496d01-e5ef-4f11-8d6d-7fd542564564 to remote] DEBUG org.asynchttpclient.netty.request.NettyRequestSender - Using open Channel [id: 0xec776ecb, L:/192.168.56.1:60805 - R:/0.0.0.0:4723] for POST '/wd/hub/session/dd496d01-e5ef-4f11-8d6d-7fd542564564/element'
01:14:53.688 [AsyncHttpClient-1-2] DEBUG org.asynchttpclient.netty.handler.HttpHandler - 

Request DefaultHttpRequest(decodeResult: success, version: HTTP/1.1)
POST /wd/hub/session/dd496d01-e5ef-4f11-8d6d-7fd542564564/element HTTP/1.1
User-Agent: appium/8.3.0 (selenium/4.8.1 (java windows))
Content-Length: 305
Content-Type: application/json; charset=utf-8
host: 0.0.0.0:4723
accept: */*

Response DefaultHttpResponse(decodeResult: success, version: HTTP/1.1)
HTTP/1.1 200 OK
X-Powered-By: Express
Vary: X-HTTP-Method-Override
Content-Type: application/json; charset=utf-8
Content-Length: 137
ETag: W/"89-pcVr6wc7p7UqvulXPEIZeSFT3EI"
Date: Mon, 08 May 2023 18:14:53 GMT
Connection: keep-alive
Keep-Alive: timeout=600

01:14:53.689 [AsyncHttpClient-1-2] DEBUG org.asynchttpclient.netty.channel.ChannelManager - Adding key: http://0.0.0.0:4723 for channel [id: 0xec776ecb, L:/192.168.56.1:60805 - R:/0.0.0.0:4723]
01:14:53.692 [Forwarding sendKeysToElement on session dd496d01-e5ef-4f11-8d6d-7fd542564564 to remote] DEBUG org.asynchttpclient.netty.request.NettyRequestSender - Using pooled Channel '[id: 0xec776ecb, L:/192.168.56.1:60805 - R:/0.0.0.0:4723]' for 'POST' to 'http://0.0.0.0:4723/wd/hub/session/dd496d01-e5ef-4f11-8d6d-7fd542564564/element/00000000-0000-0643-0000-002600000000/value'
01:14:53.692 [Forwarding sendKeysToElement on session dd496d01-e5ef-4f11-8d6d-7fd542564564 to remote] DEBUG org.asynchttpclient.netty.request.NettyRequestSender - Using open Channel [id: 0xec776ecb, L:/192.168.56.1:60805 - R:/0.0.0.0:4723] for POST '/wd/hub/session/dd496d01-e5ef-4f11-8d6d-7fd542564564/element/00000000-0000-0643-0000-002600000000/value'
01:14:54.308 [AsyncHttpClient-1-2] DEBUG org.asynchttpclient.netty.handler.HttpHandler - 

Request DefaultHttpRequest(decodeResult: success, version: HTTP/1.1)
POST /wd/hub/session/dd496d01-e5ef-4f11-8d6d-7fd542564564/element/00000000-0000-0643-0000-002600000000/value HTTP/1.1
User-Agent: appium/8.3.0 (selenium/4.8.1 (java windows))
Content-Length: 261
Content-Type: application/json; charset=utf-8
host: 0.0.0.0:4723
accept: */*

Response DefaultHttpResponse(decodeResult: success, version: HTTP/1.1)
HTTP/1.1 200 OK
X-Powered-By: Express
Vary: X-HTTP-Method-Override
Content-Type: application/json; charset=utf-8
Content-Length: 14
ETag: W/"e-9/1BuKMgFObM1mWJm+YjxtXJnUM"
Date: Mon, 08 May 2023 18:14:54 GMT
Connection: keep-alive
Keep-Alive: timeout=600

01:14:54.308 [AsyncHttpClient-1-2] DEBUG org.asynchttpclient.netty.channel.ChannelManager - Adding key: http://0.0.0.0:4723 for channel [id: 0xec776ecb, L:/192.168.56.1:60805 - R:/0.0.0.0:4723]
01:14:54.309 [main] DEBUG net.thucydides.core.steps.StepInterceptor - STEP DONE: inputEmail
]]></system-out>
  </testcase>
  <testcase name="user input valid password" classname="As a user i can login" time="1.231">
    <system-out><![CDATA[01:14:54.313 [main] DEBUG net.thucydides.core.steps.StepInterceptor - STARTING STEP: LoginSteps.userInputInvalidPassword - clickTypePassword
01:14:54.315 [Forwarding findElement on session dd496d01-e5ef-4f11-8d6d-7fd542564564 to remote] DEBUG org.asynchttpclient.netty.request.NettyRequestSender - Using pooled Channel '[id: 0xec776ecb, L:/192.168.56.1:60805 - R:/0.0.0.0:4723]' for 'POST' to 'http://0.0.0.0:4723/wd/hub/session/dd496d01-e5ef-4f11-8d6d-7fd542564564/element'
01:14:54.315 [Forwarding findElement on session dd496d01-e5ef-4f11-8d6d-7fd542564564 to remote] DEBUG org.asynchttpclient.netty.request.NettyRequestSender - Using open Channel [id: 0xec776ecb, L:/192.168.56.1:60805 - R:/0.0.0.0:4723] for POST '/wd/hub/session/dd496d01-e5ef-4f11-8d6d-7fd542564564/element'
01:14:54.356 [AsyncHttpClient-1-2] DEBUG org.asynchttpclient.netty.handler.HttpHandler - 

Request DefaultHttpRequest(decodeResult: success, version: HTTP/1.1)
POST /wd/hub/session/dd496d01-e5ef-4f11-8d6d-7fd542564564/element HTTP/1.1
User-Agent: appium/8.3.0 (selenium/4.8.1 (java windows))
Content-Length: 305
Content-Type: application/json; charset=utf-8
host: 0.0.0.0:4723
accept: */*

Response DefaultHttpResponse(decodeResult: success, version: HTTP/1.1)
HTTP/1.1 200 OK
X-Powered-By: Express
Vary: X-HTTP-Method-Override
Content-Type: application/json; charset=utf-8
Content-Length: 137
ETag: W/"89-+hPuMrWXuKP+k2Rc1RyNMV80ERo"
Date: Mon, 08 May 2023 18:14:54 GMT
Connection: keep-alive
Keep-Alive: timeout=600

01:14:54.356 [AsyncHttpClient-1-2] DEBUG org.asynchttpclient.netty.channel.ChannelManager - Adding key: http://0.0.0.0:4723 for channel [id: 0xec776ecb, L:/192.168.56.1:60805 - R:/0.0.0.0:4723]
01:14:54.357 [Forwarding isElementDisplayed on session dd496d01-e5ef-4f11-8d6d-7fd542564564 to remote] DEBUG org.asynchttpclient.netty.request.NettyRequestSender - Using pooled Channel '[id: 0xec776ecb, L:/192.168.56.1:60805 - R:/0.0.0.0:4723]' for 'GET' to 'http://0.0.0.0:4723/wd/hub/session/dd496d01-e5ef-4f11-8d6d-7fd542564564/element/00000000-0000-0643-0000-002700000000/displayed'
01:14:54.357 [Forwarding isElementDisplayed on session dd496d01-e5ef-4f11-8d6d-7fd542564564 to remote] DEBUG org.asynchttpclient.netty.request.NettyRequestSender - Using open Channel [id: 0xec776ecb, L:/192.168.56.1:60805 - R:/0.0.0.0:4723] for GET '/wd/hub/session/dd496d01-e5ef-4f11-8d6d-7fd542564564/element/00000000-0000-0643-0000-002700000000/displayed'
01:14:54.371 [AsyncHttpClient-1-2] DEBUG org.asynchttpclient.netty.handler.HttpHandler - 

Request DefaultFullHttpRequest(decodeResult: success, version: HTTP/1.1, content: EmptyByteBufBE)
GET /wd/hub/session/dd496d01-e5ef-4f11-8d6d-7fd542564564/element/00000000-0000-0643-0000-002700000000/displayed HTTP/1.1
User-Agent: appium/8.3.0 (selenium/4.8.1 (java windows))
Cache-Control: no-cache
Content-Type: application/json; charset=utf-8
host: 0.0.0.0:4723
accept: */*

Response DefaultHttpResponse(decodeResult: success, version: HTTP/1.1)
HTTP/1.1 200 OK
X-Powered-By: Express
Content-Type: application/json; charset=utf-8
Content-Length: 14
ETag: W/"e-2ZHvAWebNQpyjGZTg6uyV8/spTo"
Date: Mon, 08 May 2023 18:14:54 GMT
Connection: keep-alive
Keep-Alive: timeout=600

01:14:54.371 [AsyncHttpClient-1-2] DEBUG org.asynchttpclient.netty.channel.ChannelManager - Adding key: http://0.0.0.0:4723 for channel [id: 0xec776ecb, L:/192.168.56.1:60805 - R:/0.0.0.0:4723]
01:14:54.372 [Forwarding isElementEnabled on session dd496d01-e5ef-4f11-8d6d-7fd542564564 to remote] DEBUG org.asynchttpclient.netty.request.NettyRequestSender - Using pooled Channel '[id: 0xec776ecb, L:/192.168.56.1:60805 - R:/0.0.0.0:4723]' for 'GET' to 'http://0.0.0.0:4723/wd/hub/session/dd496d01-e5ef-4f11-8d6d-7fd542564564/element/00000000-0000-0643-0000-002700000000/enabled'
01:14:54.372 [Forwarding isElementEnabled on session dd496d01-e5ef-4f11-8d6d-7fd542564564 to remote] DEBUG org.asynchttpclient.netty.request.NettyRequestSender - Using open Channel [id: 0xec776ecb, L:/192.168.56.1:60805 - R:/0.0.0.0:4723] for GET '/wd/hub/session/dd496d01-e5ef-4f11-8d6d-7fd542564564/element/00000000-0000-0643-0000-002700000000/enabled'
01:14:54.386 [AsyncHttpClient-1-2] DEBUG org.asynchttpclient.netty.handler.HttpHandler - 

Request DefaultFullHttpRequest(decodeResult: success, version: HTTP/1.1, content: EmptyByteBufBE)
GET /wd/hub/session/dd496d01-e5ef-4f11-8d6d-7fd542564564/element/00000000-0000-0643-0000-002700000000/enabled HTTP/1.1
User-Agent: appium/8.3.0 (selenium/4.8.1 (java windows))
Cache-Control: no-cache
Content-Type: application/json; charset=utf-8
host: 0.0.0.0:4723
accept: */*

Response DefaultHttpResponse(decodeResult: success, version: HTTP/1.1)
HTTP/1.1 200 OK
X-Powered-By: Express
Content-Type: application/json; charset=utf-8
Content-Length: 14
ETag: W/"e-2ZHvAWebNQpyjGZTg6uyV8/spTo"
Date: Mon, 08 May 2023 18:14:54 GMT
Connection: keep-alive
Keep-Alive: timeout=600

01:14:54.386 [AsyncHttpClient-1-2] DEBUG org.asynchttpclient.netty.channel.ChannelManager - Adding key: http://0.0.0.0:4723 for channel [id: 0xec776ecb, L:/192.168.56.1:60805 - R:/0.0.0.0:4723]
01:14:54.388 [Forwarding clickElement on session dd496d01-e5ef-4f11-8d6d-7fd542564564 to remote] DEBUG org.asynchttpclient.netty.request.NettyRequestSender - Using pooled Channel '[id: 0xec776ecb, L:/192.168.56.1:60805 - R:/0.0.0.0:4723]' for 'POST' to 'http://0.0.0.0:4723/wd/hub/session/dd496d01-e5ef-4f11-8d6d-7fd542564564/element/00000000-0000-0643-0000-002700000000/click'
01:14:54.388 [Forwarding clickElement on session dd496d01-e5ef-4f11-8d6d-7fd542564564 to remote] DEBUG org.asynchttpclient.netty.request.NettyRequestSender - Using open Channel [id: 0xec776ecb, L:/192.168.56.1:60805 - R:/0.0.0.0:4723] for POST '/wd/hub/session/dd496d01-e5ef-4f11-8d6d-7fd542564564/element/00000000-0000-0643-0000-002700000000/click'
01:14:54.899 [AsyncHttpClient-1-2] DEBUG org.asynchttpclient.netty.handler.HttpHandler - 

Request DefaultHttpRequest(decodeResult: success, version: HTTP/1.1)
POST /wd/hub/session/dd496d01-e5ef-4f11-8d6d-7fd542564564/element/00000000-0000-0643-0000-002700000000/click HTTP/1.1
User-Agent: appium/8.3.0 (selenium/4.8.1 (java windows))
Content-Length: 50
Content-Type: application/json; charset=utf-8
host: 0.0.0.0:4723
accept: */*

Response DefaultHttpResponse(decodeResult: success, version: HTTP/1.1)
HTTP/1.1 200 OK
X-Powered-By: Express
Vary: X-HTTP-Method-Override
Content-Type: application/json; charset=utf-8
Content-Length: 14
ETag: W/"e-9/1BuKMgFObM1mWJm+YjxtXJnUM"
Date: Mon, 08 May 2023 18:14:54 GMT
Connection: keep-alive
Keep-Alive: timeout=600

01:14:54.899 [AsyncHttpClient-1-2] DEBUG org.asynchttpclient.netty.channel.ChannelManager - Adding key: http://0.0.0.0:4723 for channel [id: 0xec776ecb, L:/192.168.56.1:60805 - R:/0.0.0.0:4723]
01:14:54.900 [main] DEBUG net.thucydides.core.steps.StepInterceptor - STEP DONE: clickTypePassword
01:14:54.901 [main] DEBUG net.thucydides.core.steps.StepInterceptor - STARTING STEP: LoginSteps.userInputInvalidPassword - inputPassword
01:14:54.902 [Forwarding findElement on session dd496d01-e5ef-4f11-8d6d-7fd542564564 to remote] DEBUG org.asynchttpclient.netty.request.NettyRequestSender - Using pooled Channel '[id: 0xec776ecb, L:/192.168.56.1:60805 - R:/0.0.0.0:4723]' for 'POST' to 'http://0.0.0.0:4723/wd/hub/session/dd496d01-e5ef-4f11-8d6d-7fd542564564/element'
01:14:54.902 [Forwarding findElement on session dd496d01-e5ef-4f11-8d6d-7fd542564564 to remote] DEBUG org.asynchttpclient.netty.request.NettyRequestSender - Using open Channel [id: 0xec776ecb, L:/192.168.56.1:60805 - R:/0.0.0.0:4723] for POST '/wd/hub/session/dd496d01-e5ef-4f11-8d6d-7fd542564564/element'
01:14:54.945 [AsyncHttpClient-1-2] DEBUG org.asynchttpclient.netty.handler.HttpHandler - 

Request DefaultHttpRequest(decodeResult: success, version: HTTP/1.1)
POST /wd/hub/session/dd496d01-e5ef-4f11-8d6d-7fd542564564/element HTTP/1.1
User-Agent: appium/8.3.0 (selenium/4.8.1 (java windows))
Content-Length: 305
Content-Type: application/json; charset=utf-8
host: 0.0.0.0:4723
accept: */*

Response DefaultHttpResponse(decodeResult: success, version: HTTP/1.1)
HTTP/1.1 200 OK
X-Powered-By: Express
Vary: X-HTTP-Method-Override
Content-Type: application/json; charset=utf-8
Content-Length: 137
ETag: W/"89-+hPuMrWXuKP+k2Rc1RyNMV80ERo"
Date: Mon, 08 May 2023 18:14:54 GMT
Connection: keep-alive
Keep-Alive: timeout=600

01:14:54.945 [AsyncHttpClient-1-2] DEBUG org.asynchttpclient.netty.channel.ChannelManager - Adding key: http://0.0.0.0:4723 for channel [id: 0xec776ecb, L:/192.168.56.1:60805 - R:/0.0.0.0:4723]
01:14:54.947 [Forwarding sendKeysToElement on session dd496d01-e5ef-4f11-8d6d-7fd542564564 to remote] DEBUG org.asynchttpclient.netty.request.NettyRequestSender - Using pooled Channel '[id: 0xec776ecb, L:/192.168.56.1:60805 - R:/0.0.0.0:4723]' for 'POST' to 'http://0.0.0.0:4723/wd/hub/session/dd496d01-e5ef-4f11-8d6d-7fd542564564/element/00000000-0000-0643-0000-002700000000/value'
01:14:54.947 [Forwarding sendKeysToElement on session dd496d01-e5ef-4f11-8d6d-7fd542564564 to remote] DEBUG org.asynchttpclient.netty.request.NettyRequestSender - Using open Channel [id: 0xec776ecb, L:/192.168.56.1:60805 - R:/0.0.0.0:4723] for POST '/wd/hub/session/dd496d01-e5ef-4f11-8d6d-7fd542564564/element/00000000-0000-0643-0000-002700000000/value'
01:14:55.541 [AsyncHttpClient-1-2] DEBUG org.asynchttpclient.netty.handler.HttpHandler - 

Request DefaultHttpRequest(decodeResult: success, version: HTTP/1.1)
POST /wd/hub/session/dd496d01-e5ef-4f11-8d6d-7fd542564564/element/00000000-0000-0643-0000-002700000000/value HTTP/1.1
User-Agent: appium/8.3.0 (selenium/4.8.1 (java windows))
Content-Length: 161
Content-Type: application/json; charset=utf-8
host: 0.0.0.0:4723
accept: */*

Response DefaultHttpResponse(decodeResult: success, version: HTTP/1.1)
HTTP/1.1 200 OK
X-Powered-By: Express
Vary: X-HTTP-Method-Override
Content-Type: application/json; charset=utf-8
Content-Length: 14
ETag: W/"e-9/1BuKMgFObM1mWJm+YjxtXJnUM"
Date: Mon, 08 May 2023 18:14:55 GMT
Connection: keep-alive
Keep-Alive: timeout=600

01:14:55.541 [AsyncHttpClient-1-2] DEBUG org.asynchttpclient.netty.channel.ChannelManager - Adding key: http://0.0.0.0:4723 for channel [id: 0xec776ecb, L:/192.168.56.1:60805 - R:/0.0.0.0:4723]
01:14:55.541 [main] DEBUG net.thucydides.core.steps.StepInterceptor - STEP DONE: inputPassword
]]></system-out>
  </testcase>
  <testcase name="user click login button" classname="As a user i can login" time="1.125">
    <system-out><![CDATA[01:14:55.547 [main] DEBUG net.thucydides.core.steps.StepInterceptor - STARTING STEP: LoginSteps.userClickLoginButton - tapLoginButton
01:14:55.548 [Forwarding findElement on session dd496d01-e5ef-4f11-8d6d-7fd542564564 to remote] DEBUG org.asynchttpclient.netty.request.NettyRequestSender - Using pooled Channel '[id: 0xec776ecb, L:/192.168.56.1:60805 - R:/0.0.0.0:4723]' for 'POST' to 'http://0.0.0.0:4723/wd/hub/session/dd496d01-e5ef-4f11-8d6d-7fd542564564/element'
01:14:55.549 [Forwarding findElement on session dd496d01-e5ef-4f11-8d6d-7fd542564564 to remote] DEBUG org.asynchttpclient.netty.request.NettyRequestSender - Using open Channel [id: 0xec776ecb, L:/192.168.56.1:60805 - R:/0.0.0.0:4723] for POST '/wd/hub/session/dd496d01-e5ef-4f11-8d6d-7fd542564564/element'
01:14:55.594 [AsyncHttpClient-1-2] DEBUG org.asynchttpclient.netty.handler.HttpHandler - 

Request DefaultHttpRequest(decodeResult: success, version: HTTP/1.1)
POST /wd/hub/session/dd496d01-e5ef-4f11-8d6d-7fd542564564/element HTTP/1.1
User-Agent: appium/8.3.0 (selenium/4.8.1 (java windows))
Content-Length: 99
Content-Type: application/json; charset=utf-8
host: 0.0.0.0:4723
accept: */*

Response DefaultHttpResponse(decodeResult: success, version: HTTP/1.1)
HTTP/1.1 200 OK
X-Powered-By: Express
Vary: X-HTTP-Method-Override
Content-Type: application/json; charset=utf-8
Content-Length: 137
ETag: W/"89-pe5DlIa8I7ll5FUK28FMDZLwtdE"
Date: Mon, 08 May 2023 18:14:55 GMT
Connection: keep-alive
Keep-Alive: timeout=600

01:14:55.595 [AsyncHttpClient-1-2] DEBUG org.asynchttpclient.netty.channel.ChannelManager - Adding key: http://0.0.0.0:4723 for channel [id: 0xec776ecb, L:/192.168.56.1:60805 - R:/0.0.0.0:4723]
01:14:55.596 [Forwarding isElementDisplayed on session dd496d01-e5ef-4f11-8d6d-7fd542564564 to remote] DEBUG org.asynchttpclient.netty.request.NettyRequestSender - Using pooled Channel '[id: 0xec776ecb, L:/192.168.56.1:60805 - R:/0.0.0.0:4723]' for 'GET' to 'http://0.0.0.0:4723/wd/hub/session/dd496d01-e5ef-4f11-8d6d-7fd542564564/element/00000000-0000-0643-0000-002800000000/displayed'
01:14:55.596 [Forwarding isElementDisplayed on session dd496d01-e5ef-4f11-8d6d-7fd542564564 to remote] DEBUG org.asynchttpclient.netty.request.NettyRequestSender - Using open Channel [id: 0xec776ecb, L:/192.168.56.1:60805 - R:/0.0.0.0:4723] for GET '/wd/hub/session/dd496d01-e5ef-4f11-8d6d-7fd542564564/element/00000000-0000-0643-0000-002800000000/displayed'
01:14:56.620 [AsyncHttpClient-1-2] DEBUG org.asynchttpclient.netty.handler.HttpHandler - 

Request DefaultFullHttpRequest(decodeResult: success, version: HTTP/1.1, content: EmptyByteBufBE)
GET /wd/hub/session/dd496d01-e5ef-4f11-8d6d-7fd542564564/element/00000000-0000-0643-0000-002800000000/displayed HTTP/1.1
User-Agent: appium/8.3.0 (selenium/4.8.1 (java windows))
Cache-Control: no-cache
Content-Type: application/json; charset=utf-8
host: 0.0.0.0:4723
accept: */*

Response DefaultHttpResponse(decodeResult: success, version: HTTP/1.1)
HTTP/1.1 200 OK
X-Powered-By: Express
Content-Type: application/json; charset=utf-8
Content-Length: 14
ETag: W/"e-2ZHvAWebNQpyjGZTg6uyV8/spTo"
Date: Mon, 08 May 2023 18:14:56 GMT
Connection: keep-alive
Keep-Alive: timeout=600

01:14:56.621 [AsyncHttpClient-1-2] DEBUG org.asynchttpclient.netty.channel.ChannelManager - Adding key: http://0.0.0.0:4723 for channel [id: 0xec776ecb, L:/192.168.56.1:60805 - R:/0.0.0.0:4723]
01:14:56.622 [Forwarding isElementEnabled on session dd496d01-e5ef-4f11-8d6d-7fd542564564 to remote] DEBUG org.asynchttpclient.netty.request.NettyRequestSender - Using pooled Channel '[id: 0xec776ecb, L:/192.168.56.1:60805 - R:/0.0.0.0:4723]' for 'GET' to 'http://0.0.0.0:4723/wd/hub/session/dd496d01-e5ef-4f11-8d6d-7fd542564564/element/00000000-0000-0643-0000-002800000000/enabled'
01:14:56.622 [Forwarding isElementEnabled on session dd496d01-e5ef-4f11-8d6d-7fd542564564 to remote] DEBUG org.asynchttpclient.netty.request.NettyRequestSender - Using open Channel [id: 0xec776ecb, L:/192.168.56.1:60805 - R:/0.0.0.0:4723] for GET '/wd/hub/session/dd496d01-e5ef-4f11-8d6d-7fd542564564/element/00000000-0000-0643-0000-002800000000/enabled'
01:14:56.637 [AsyncHttpClient-1-2] DEBUG org.asynchttpclient.netty.handler.HttpHandler - 

Request DefaultFullHttpRequest(decodeResult: success, version: HTTP/1.1, content: EmptyByteBufBE)
GET /wd/hub/session/dd496d01-e5ef-4f11-8d6d-7fd542564564/element/00000000-0000-0643-0000-002800000000/enabled HTTP/1.1
User-Agent: appium/8.3.0 (selenium/4.8.1 (java windows))
Cache-Control: no-cache
Content-Type: application/json; charset=utf-8
host: 0.0.0.0:4723
accept: */*

Response DefaultHttpResponse(decodeResult: success, version: HTTP/1.1)
HTTP/1.1 200 OK
X-Powered-By: Express
Content-Type: application/json; charset=utf-8
Content-Length: 14
ETag: W/"e-2ZHvAWebNQpyjGZTg6uyV8/spTo"
Date: Mon, 08 May 2023 18:14:56 GMT
Connection: keep-alive
Keep-Alive: timeout=600

01:14:56.638 [AsyncHttpClient-1-2] DEBUG org.asynchttpclient.netty.channel.ChannelManager - Adding key: http://0.0.0.0:4723 for channel [id: 0xec776ecb, L:/192.168.56.1:60805 - R:/0.0.0.0:4723]
01:14:56.639 [Forwarding clickElement on session dd496d01-e5ef-4f11-8d6d-7fd542564564 to remote] DEBUG org.asynchttpclient.netty.request.NettyRequestSender - Using pooled Channel '[id: 0xec776ecb, L:/192.168.56.1:60805 - R:/0.0.0.0:4723]' for 'POST' to 'http://0.0.0.0:4723/wd/hub/session/dd496d01-e5ef-4f11-8d6d-7fd542564564/element/00000000-0000-0643-0000-002800000000/click'
01:14:56.639 [Forwarding clickElement on session dd496d01-e5ef-4f11-8d6d-7fd542564564 to remote] DEBUG org.asynchttpclient.netty.request.NettyRequestSender - Using open Channel [id: 0xec776ecb, L:/192.168.56.1:60805 - R:/0.0.0.0:4723] for POST '/wd/hub/session/dd496d01-e5ef-4f11-8d6d-7fd542564564/element/00000000-0000-0643-0000-002800000000/click'
01:14:56.667 [AsyncHttpClient-1-2] DEBUG org.asynchttpclient.netty.handler.HttpHandler - 

Request DefaultHttpRequest(decodeResult: success, version: HTTP/1.1)
POST /wd/hub/session/dd496d01-e5ef-4f11-8d6d-7fd542564564/element/00000000-0000-0643-0000-002800000000/click HTTP/1.1
User-Agent: appium/8.3.0 (selenium/4.8.1 (java windows))
Content-Length: 50
Content-Type: application/json; charset=utf-8
host: 0.0.0.0:4723
accept: */*

Response DefaultHttpResponse(decodeResult: success, version: HTTP/1.1)
HTTP/1.1 200 OK
X-Powered-By: Express
Vary: X-HTTP-Method-Override
Content-Type: application/json; charset=utf-8
Content-Length: 14
ETag: W/"e-9/1BuKMgFObM1mWJm+YjxtXJnUM"
Date: Mon, 08 May 2023 18:14:56 GMT
Connection: keep-alive
Keep-Alive: timeout=600

01:14:56.667 [AsyncHttpClient-1-2] DEBUG org.asynchttpclient.netty.channel.ChannelManager - Adding key: http://0.0.0.0:4723 for channel [id: 0xec776ecb, L:/192.168.56.1:60805 - R:/0.0.0.0:4723]
01:14:56.669 [main] DEBUG net.thucydides.core.steps.StepInterceptor - STEP DONE: tapLoginButton
]]></system-out>
  </testcase>
  <testcase name="user back to home page" classname="As a user i can login" time="1.745">
    <system-out><![CDATA[01:14:56.677 [main] DEBUG net.thucydides.core.steps.StepInterceptor - STARTING STEP: LoginSteps.validateHomePage - validateHomePage
01:14:56.680 [Forwarding findElement on session dd496d01-e5ef-4f11-8d6d-7fd542564564 to remote] DEBUG org.asynchttpclient.netty.request.NettyRequestSender - Using pooled Channel '[id: 0xec776ecb, L:/192.168.56.1:60805 - R:/0.0.0.0:4723]' for 'POST' to 'http://0.0.0.0:4723/wd/hub/session/dd496d01-e5ef-4f11-8d6d-7fd542564564/element'
01:14:56.680 [Forwarding findElement on session dd496d01-e5ef-4f11-8d6d-7fd542564564 to remote] DEBUG org.asynchttpclient.netty.request.NettyRequestSender - Using open Channel [id: 0xec776ecb, L:/192.168.56.1:60805 - R:/0.0.0.0:4723] for POST '/wd/hub/session/dd496d01-e5ef-4f11-8d6d-7fd542564564/element'
01:14:56.736 [AsyncHttpClient-1-2] DEBUG org.asynchttpclient.netty.handler.HttpHandler - 

Request DefaultHttpRequest(decodeResult: success, version: HTTP/1.1)
POST /wd/hub/session/dd496d01-e5ef-4f11-8d6d-7fd542564564/element HTTP/1.1
User-Agent: appium/8.3.0 (selenium/4.8.1 (java windows))
Content-Length: 330
Content-Type: application/json; charset=utf-8
host: 0.0.0.0:4723
accept: */*

Response DefaultHttpResponse(decodeResult: success, version: HTTP/1.1)
HTTP/1.1 200 OK
X-Powered-By: Express
Vary: X-HTTP-Method-Override
Content-Type: application/json; charset=utf-8
Content-Length: 137
ETag: W/"89-3e+gIGrFG79CHOXN7drm+lvEs1Y"
Date: Mon, 08 May 2023 18:14:56 GMT
Connection: keep-alive
Keep-Alive: timeout=600

01:14:56.736 [AsyncHttpClient-1-2] DEBUG org.asynchttpclient.netty.channel.ChannelManager - Adding key: http://0.0.0.0:4723 for channel [id: 0xec776ecb, L:/192.168.56.1:60805 - R:/0.0.0.0:4723]
01:14:56.739 [Forwarding isElementDisplayed on session dd496d01-e5ef-4f11-8d6d-7fd542564564 to remote] DEBUG org.asynchttpclient.netty.request.NettyRequestSender - Using pooled Channel '[id: 0xec776ecb, L:/192.168.56.1:60805 - R:/0.0.0.0:4723]' for 'GET' to 'http://0.0.0.0:4723/wd/hub/session/dd496d01-e5ef-4f11-8d6d-7fd542564564/element/00000000-0000-0643-0000-002c00000000/displayed'
01:14:56.740 [Forwarding isElementDisplayed on session dd496d01-e5ef-4f11-8d6d-7fd542564564 to remote] DEBUG org.asynchttpclient.netty.request.NettyRequestSender - Using open Channel [id: 0xec776ecb, L:/192.168.56.1:60805 - R:/0.0.0.0:4723] for GET '/wd/hub/session/dd496d01-e5ef-4f11-8d6d-7fd542564564/element/00000000-0000-0643-0000-002c00000000/displayed'
01:14:57.845 [AsyncHttpClient-1-2] DEBUG org.asynchttpclient.netty.handler.HttpHandler - 

Request DefaultFullHttpRequest(decodeResult: success, version: HTTP/1.1, content: EmptyByteBufBE)
GET /wd/hub/session/dd496d01-e5ef-4f11-8d6d-7fd542564564/element/00000000-0000-0643-0000-002c00000000/displayed HTTP/1.1
User-Agent: appium/8.3.0 (selenium/4.8.1 (java windows))
Cache-Control: no-cache
Content-Type: application/json; charset=utf-8
host: 0.0.0.0:4723
accept: */*

Response DefaultHttpResponse(decodeResult: success, version: HTTP/1.1)
HTTP/1.1 404 Not Found
X-Powered-By: Express
Content-Type: application/json; charset=utf-8
Content-Length: 4430
ETag: W/"114e-6jdQvenBW/Z/LemxjUJxssHN3z8"
Date: Mon, 08 May 2023 18:14:57 GMT
Connection: keep-alive
Keep-Alive: timeout=600

01:14:57.846 [AsyncHttpClient-1-2] DEBUG org.asynchttpclient.netty.channel.ChannelManager - Adding key: http://0.0.0.0:4723 for channel [id: 0xec776ecb, L:/192.168.56.1:60805 - R:/0.0.0.0:4723]
01:14:58.360 [Forwarding findElement on session dd496d01-e5ef-4f11-8d6d-7fd542564564 to remote] DEBUG org.asynchttpclient.netty.request.NettyRequestSender - Using pooled Channel '[id: 0xec776ecb, L:/192.168.56.1:60805 - R:/0.0.0.0:4723]' for 'POST' to 'http://0.0.0.0:4723/wd/hub/session/dd496d01-e5ef-4f11-8d6d-7fd542564564/element'
01:14:58.360 [Forwarding findElement on session dd496d01-e5ef-4f11-8d6d-7fd542564564 to remote] DEBUG org.asynchttpclient.netty.request.NettyRequestSender - Using open Channel [id: 0xec776ecb, L:/192.168.56.1:60805 - R:/0.0.0.0:4723] for POST '/wd/hub/session/dd496d01-e5ef-4f11-8d6d-7fd542564564/element'
01:14:58.402 [AsyncHttpClient-1-2] DEBUG org.asynchttpclient.netty.handler.HttpHandler - 

Request DefaultHttpRequest(decodeResult: success, version: HTTP/1.1)
POST /wd/hub/session/dd496d01-e5ef-4f11-8d6d-7fd542564564/element HTTP/1.1
User-Agent: appium/8.3.0 (selenium/4.8.1 (java windows))
Content-Length: 330
Content-Type: application/json; charset=utf-8
host: 0.0.0.0:4723
accept: */*

Response DefaultHttpResponse(decodeResult: success, version: HTTP/1.1)
HTTP/1.1 200 OK
X-Powered-By: Express
Vary: X-HTTP-Method-Override
Content-Type: application/json; charset=utf-8
Content-Length: 137
ETag: W/"89-HQSyKM1PyxfoTYHLz1/Y7R5/o/I"
Date: Mon, 08 May 2023 18:14:58 GMT
Connection: keep-alive
Keep-Alive: timeout=600

01:14:58.402 [AsyncHttpClient-1-2] DEBUG org.asynchttpclient.netty.channel.ChannelManager - Adding key: http://0.0.0.0:4723 for channel [id: 0xec776ecb, L:/192.168.56.1:60805 - R:/0.0.0.0:4723]
01:14:58.403 [Forwarding isElementDisplayed on session dd496d01-e5ef-4f11-8d6d-7fd542564564 to remote] DEBUG org.asynchttpclient.netty.request.NettyRequestSender - Using pooled Channel '[id: 0xec776ecb, L:/192.168.56.1:60805 - R:/0.0.0.0:4723]' for 'GET' to 'http://0.0.0.0:4723/wd/hub/session/dd496d01-e5ef-4f11-8d6d-7fd542564564/element/00000000-0000-0643-0000-000700000000/displayed'
01:14:58.403 [Forwarding isElementDisplayed on session dd496d01-e5ef-4f11-8d6d-7fd542564564 to remote] DEBUG org.asynchttpclient.netty.request.NettyRequestSender - Using open Channel [id: 0xec776ecb, L:/192.168.56.1:60805 - R:/0.0.0.0:4723] for GET '/wd/hub/session/dd496d01-e5ef-4f11-8d6d-7fd542564564/element/00000000-0000-0643-0000-000700000000/displayed'
01:14:58.417 [AsyncHttpClient-1-2] DEBUG org.asynchttpclient.netty.handler.HttpHandler - 

Request DefaultFullHttpRequest(decodeResult: success, version: HTTP/1.1, content: EmptyByteBufBE)
GET /wd/hub/session/dd496d01-e5ef-4f11-8d6d-7fd542564564/element/00000000-0000-0643-0000-000700000000/displayed HTTP/1.1
User-Agent: appium/8.3.0 (selenium/4.8.1 (java windows))
Cache-Control: no-cache
Content-Type: application/json; charset=utf-8
host: 0.0.0.0:4723
accept: */*

Response DefaultHttpResponse(decodeResult: success, version: HTTP/1.1)
HTTP/1.1 200 OK
X-Powered-By: Express
Content-Type: application/json; charset=utf-8
Content-Length: 14
ETag: W/"e-2ZHvAWebNQpyjGZTg6uyV8/spTo"
Date: Mon, 08 May 2023 18:14:58 GMT
Connection: keep-alive
Keep-Alive: timeout=600

01:14:58.417 [AsyncHttpClient-1-2] DEBUG org.asynchttpclient.netty.channel.ChannelManager - Adding key: http://0.0.0.0:4723 for channel [id: 0xec776ecb, L:/192.168.56.1:60805 - R:/0.0.0.0:4723]
01:14:58.418 [main] DEBUG net.thucydides.core.steps.StepInterceptor - STEP DONE: validateHomePage
]]></system-out>
  </testcase>
</testsuite>